{"C:\\1_trucs\\iim_cours\\A4\\EcoWebMetrics\\src\\carbonEmissionsCalculator.js": {"path":"C:\\1_trucs\\iim_cours\\A4\\EcoWebMetrics\\src\\carbonEmissionsCalculator.js","statementMap":{"0":{"start":{"line":3,"column":8},"end":{"line":32,"column":10}},"1":{"start":{"line":4,"column":26},"end":{"line":4,"column":28}},"2":{"start":{"line":6,"column":12},"end":{"line":6,"column":56}},"3":{"start":{"line":8,"column":12},"end":{"line":27,"column":13}},"4":{"start":{"line":9,"column":29},"end":{"line":9,"column":49}},"5":{"start":{"line":12,"column":16},"end":{"line":26,"column":17}},"6":{"start":{"line":14,"column":20},"end":{"line":14,"column":80}},"7":{"start":{"line":17,"column":32},"end":{"line":17,"column":77}},"8":{"start":{"line":20,"column":20},"end":{"line":23,"column":22}},"9":{"start":{"line":25,"column":20},"end":{"line":25,"column":90}},"10":{"start":{"line":29,"column":12},"end":{"line":29,"column":65}},"11":{"start":{"line":31,"column":12},"end":{"line":31,"column":27}},"12":{"start":{"line":37,"column":8},"end":{"line":37,"column":34}},"13":{"start":{"line":42,"column":20},"end":{"line":42,"column":63}},"14":{"start":{"line":43,"column":8},"end":{"line":43,"column":33}},"15":{"start":{"line":48,"column":0},"end":{"line":48,"column":33}}},"fnMap":{"0":{"name":"(anonymous_0)","decl":{"start":{"line":2,"column":4},"end":{"line":2,"column":5}},"loc":{"start":{"line":2,"column":18},"end":{"line":33,"column":5}},"line":2},"1":{"name":"(anonymous_1)","decl":{"start":{"line":3,"column":25},"end":{"line":3,"column":26}},"loc":{"start":{"line":3,"column":51},"end":{"line":32,"column":9}},"line":3},"2":{"name":"(anonymous_2)","decl":{"start":{"line":36,"column":4},"end":{"line":36,"column":5}},"loc":{"start":{"line":36,"column":36},"end":{"line":38,"column":5}},"line":36},"3":{"name":"(anonymous_3)","decl":{"start":{"line":41,"column":4},"end":{"line":41,"column":5}},"loc":{"start":{"line":41,"column":45},"end":{"line":44,"column":5}},"line":41}},"branchMap":{"0":{"loc":{"start":{"line":12,"column":16},"end":{"line":26,"column":17}},"type":"if","locations":[{"start":{"line":12,"column":16},"end":{"line":26,"column":17}},{"start":{},"end":{}}],"line":12}},"s":{"0":2,"1":0,"2":0,"3":0,"4":0,"5":0,"6":0,"7":0,"8":0,"9":0,"10":0,"11":0,"12":1,"13":1,"14":1,"15":1},"f":{"0":2,"1":0,"2":1,"3":1},"b":{"0":[0,0]},"_coverageSchema":"1a1c01bbd47fc00a2c39e90264f33305004495a9","hash":"fadbef2a875e738778e1389b78c3f99b9cfce52a"}
,"C:\\1_trucs\\iim_cours\\A4\\EcoWebMetrics\\src\\imgSizeCalculator.js": {"path":"C:\\1_trucs\\iim_cours\\A4\\EcoWebMetrics\\src\\imgSizeCalculator.js","statementMap":{"0":{"start":{"line":1,"column":11},"end":{"line":1,"column":24}},"1":{"start":{"line":2,"column":13},"end":{"line":2,"column":28}},"2":{"start":{"line":3,"column":15},"end":{"line":3,"column":36}},"3":{"start":{"line":7,"column":8},"end":{"line":7,"column":31}},"4":{"start":{"line":8,"column":8},"end":{"line":8,"column":40}},"5":{"start":{"line":13,"column":8},"end":{"line":19,"column":11}},"6":{"start":{"line":14,"column":12},"end":{"line":18,"column":13}},"7":{"start":{"line":15,"column":16},"end":{"line":15,"column":98}},"8":{"start":{"line":17,"column":16},"end":{"line":17,"column":89}},"9":{"start":{"line":23,"column":27},"end":{"line":23,"column":43}},"10":{"start":{"line":24,"column":29},"end":{"line":24,"column":65}},"11":{"start":{"line":25,"column":8},"end":{"line":25,"column":100}},"12":{"start":{"line":27,"column":8},"end":{"line":27,"column":67}},"13":{"start":{"line":32,"column":22},"end":{"line":32,"column":43}},"14":{"start":{"line":34,"column":32},"end":{"line":34,"column":42}},"15":{"start":{"line":35,"column":29},"end":{"line":35,"column":72}},"16":{"start":{"line":36,"column":8},"end":{"line":36,"column":75}},"17":{"start":{"line":38,"column":8},"end":{"line":38,"column":28}},"18":{"start":{"line":43,"column":31},"end":{"line":43,"column":41}},"19":{"start":{"line":44,"column":28},"end":{"line":44,"column":31}},"20":{"start":{"line":46,"column":36},"end":{"line":46,"column":62}},"21":{"start":{"line":47,"column":36},"end":{"line":47,"column":90}},"22":{"start":{"line":48,"column":8},"end":{"line":48,"column":78}},"23":{"start":{"line":50,"column":8},"end":{"line":50,"column":35}},"24":{"start":{"line":55,"column":8},"end":{"line":67,"column":9}},"25":{"start":{"line":56,"column":35},"end":{"line":56,"column":68}},"26":{"start":{"line":57,"column":12},"end":{"line":61,"column":13}},"27":{"start":{"line":58,"column":16},"end":{"line":58,"column":69}},"28":{"start":{"line":60,"column":16},"end":{"line":60,"column":63}},"29":{"start":{"line":63,"column":12},"end":{"line":63,"column":47}},"30":{"start":{"line":65,"column":12},"end":{"line":65,"column":90}},"31":{"start":{"line":66,"column":12},"end":{"line":66,"column":25}},"32":{"start":{"line":73,"column":23},"end":{"line":73,"column":25}},"33":{"start":{"line":74,"column":8},"end":{"line":79,"column":9}},"34":{"start":{"line":75,"column":33},"end":{"line":75,"column":58}},"35":{"start":{"line":76,"column":12},"end":{"line":76,"column":48}},"36":{"start":{"line":78,"column":12},"end":{"line":78,"column":80}},"37":{"start":{"line":82,"column":8},"end":{"line":82,"column":31}},"38":{"start":{"line":85,"column":32},"end":{"line":85,"column":65}},"39":{"start":{"line":86,"column":8},"end":{"line":86,"column":60}},"40":{"start":{"line":94,"column":32},"end":{"line":94,"column":65}},"41":{"start":{"line":96,"column":28},"end":{"line":99,"column":9}},"42":{"start":{"line":97,"column":30},"end":{"line":97,"column":66}},"43":{"start":{"line":98,"column":12},"end":{"line":98,"column":55}},"44":{"start":{"line":102,"column":8},"end":{"line":149,"column":11}},"45":{"start":{"line":103,"column":12},"end":{"line":106,"column":13}},"46":{"start":{"line":104,"column":16},"end":{"line":104,"column":80}},"47":{"start":{"line":105,"column":16},"end":{"line":105,"column":23}},"48":{"start":{"line":109,"column":31},"end":{"line":109,"column":56}},"49":{"start":{"line":114,"column":12},"end":{"line":146,"column":13}},"50":{"start":{"line":115,"column":16},"end":{"line":115,"column":69}},"51":{"start":{"line":117,"column":16},"end":{"line":145,"column":19}},"52":{"start":{"line":118,"column":20},"end":{"line":118,"column":52}},"53":{"start":{"line":121,"column":37},"end":{"line":121,"column":67}},"54":{"start":{"line":124,"column":58},"end":{"line":124,"column":91}},"55":{"start":{"line":125,"column":38},"end":{"line":125,"column":68}},"56":{"start":{"line":126,"column":37},"end":{"line":126,"column":62}},"57":{"start":{"line":127,"column":46},"end":{"line":127,"column":85}},"58":{"start":{"line":129,"column":37},"end":{"line":138,"column":21}},"59":{"start":{"line":140,"column":20},"end":{"line":140,"column":63}},"60":{"start":{"line":155,"column":0},"end":{"line":155,"column":32}}},"fnMap":{"0":{"name":"(anonymous_0)","decl":{"start":{"line":6,"column":4},"end":{"line":6,"column":5}},"loc":{"start":{"line":6,"column":25},"end":{"line":9,"column":5}},"line":6},"1":{"name":"(anonymous_1)","decl":{"start":{"line":12,"column":4},"end":{"line":12,"column":5}},"loc":{"start":{"line":12,"column":28},"end":{"line":20,"column":5}},"line":12},"2":{"name":"(anonymous_2)","decl":{"start":{"line":13,"column":49},"end":{"line":13,"column":50}},"loc":{"start":{"line":13,"column":58},"end":{"line":19,"column":9}},"line":13},"3":{"name":"(anonymous_3)","decl":{"start":{"line":22,"column":4},"end":{"line":22,"column":5}},"loc":{"start":{"line":22,"column":33},"end":{"line":28,"column":5}},"line":22},"4":{"name":"(anonymous_4)","decl":{"start":{"line":31,"column":4},"end":{"line":31,"column":5}},"loc":{"start":{"line":31,"column":30},"end":{"line":39,"column":5}},"line":31},"5":{"name":"(anonymous_5)","decl":{"start":{"line":42,"column":4},"end":{"line":42,"column":5}},"loc":{"start":{"line":42,"column":39},"end":{"line":51,"column":5}},"line":42},"6":{"name":"(anonymous_6)","decl":{"start":{"line":54,"column":4},"end":{"line":54,"column":5}},"loc":{"start":{"line":54,"column":25},"end":{"line":68,"column":5}},"line":54},"7":{"name":"(anonymous_7)","decl":{"start":{"line":72,"column":4},"end":{"line":72,"column":5}},"loc":{"start":{"line":72,"column":38},"end":{"line":87,"column":5}},"line":72},"8":{"name":"(anonymous_8)","decl":{"start":{"line":90,"column":4},"end":{"line":90,"column":5}},"loc":{"start":{"line":90,"column":35},"end":{"line":150,"column":5}},"line":90},"9":{"name":"(anonymous_9)","decl":{"start":{"line":96,"column":28},"end":{"line":96,"column":29}},"loc":{"start":{"line":96,"column":42},"end":{"line":99,"column":9}},"line":96},"10":{"name":"(anonymous_10)","decl":{"start":{"line":102,"column":34},"end":{"line":102,"column":35}},"loc":{"start":{"line":102,"column":50},"end":{"line":149,"column":9}},"line":102},"11":{"name":"(anonymous_11)","decl":{"start":{"line":117,"column":35},"end":{"line":117,"column":36}},"loc":{"start":{"line":117,"column":45},"end":{"line":145,"column":17}},"line":117}},"branchMap":{"0":{"loc":{"start":{"line":14,"column":12},"end":{"line":18,"column":13}},"type":"if","locations":[{"start":{"line":14,"column":12},"end":{"line":18,"column":13}},{"start":{"line":16,"column":19},"end":{"line":18,"column":13}}],"line":14},"1":{"loc":{"start":{"line":57,"column":12},"end":{"line":61,"column":13}},"type":"if","locations":[{"start":{"line":57,"column":12},"end":{"line":61,"column":13}},{"start":{"line":59,"column":19},"end":{"line":61,"column":13}}],"line":57},"2":{"loc":{"start":{"line":103,"column":12},"end":{"line":106,"column":13}},"type":"if","locations":[{"start":{"line":103,"column":12},"end":{"line":106,"column":13}},{"start":{},"end":{}}],"line":103},"3":{"loc":{"start":{"line":114,"column":12},"end":{"line":146,"column":13}},"type":"if","locations":[{"start":{"line":114,"column":12},"end":{"line":146,"column":13}},{"start":{"line":116,"column":19},"end":{"line":146,"column":13}}],"line":114}},"s":{"0":1,"1":1,"2":1,"3":2,"4":2,"5":2,"6":0,"7":0,"8":0,"9":0,"10":0,"11":0,"12":0,"13":1,"14":1,"15":1,"16":1,"17":1,"18":1,"19":1,"20":1,"21":1,"22":1,"23":1,"24":0,"25":0,"26":0,"27":0,"28":0,"29":0,"30":0,"31":0,"32":0,"33":0,"34":0,"35":0,"36":0,"37":0,"38":0,"39":0,"40":0,"41":0,"42":0,"43":0,"44":0,"45":0,"46":0,"47":0,"48":0,"49":0,"50":0,"51":0,"52":0,"53":0,"54":0,"55":0,"56":0,"57":0,"58":0,"59":0,"60":1},"f":{"0":2,"1":2,"2":0,"3":0,"4":1,"5":1,"6":0,"7":0,"8":0,"9":0,"10":0,"11":0},"b":{"0":[0,0],"1":[0,0],"2":[0,0],"3":[0,0]},"_coverageSchema":"1a1c01bbd47fc00a2c39e90264f33305004495a9","hash":"ba8044d358d5f9b9fe2426a1e1a99d433d622f8a"}
}
